
/home/runner/work/exp-sand-replacement-method-nitk/exp-sand-replacement-method-nitk/experiment/simulation/js/jquerymin.js
  2:71     warning  'module' is not defined                                                    no-undef
  2:86     warning  'module' is not defined                                                    no-undef
  2:863    warning  'b' is assigned a value but never used                                     no-unused-vars
  2:3050   warning  'r' is assigned a value but never used                                     no-unused-vars
  2:5376   warning  Unexpected control character(s) in regular expression: \x1f, \x1f          no-control-regex
  2:5847   warning  Expected a conditional expression and instead saw an assignment            no-cond-assign
  2:6101   warning  Expected a conditional expression and instead saw an assignment            no-cond-assign
  2:6532   warning  Expected a conditional expression and instead saw an assignment            no-cond-assign
  2:6758   warning  Empty block statement                                                      no-empty
  2:7320   warning  Expected a conditional expression and instead saw an assignment            no-cond-assign
  2:9378   warning  Expected a conditional expression and instead saw an assignment            no-cond-assign
  2:9688   warning  Expected a conditional expression and instead saw an assignment            no-cond-assign
  2:11489  warning  Expected a conditional expression and instead saw an assignment            no-cond-assign
  2:12064  warning  Expected a conditional expression and instead saw an assignment            no-cond-assign
  2:12102  warning  Expected a conditional expression and instead saw an assignment            no-cond-assign
  2:12520  warning  Empty block statement                                                      no-empty
  2:13134  warning  Expected a conditional expression and instead saw an assignment            no-cond-assign
  2:13446  warning  Expected a conditional expression and instead saw an assignment            no-cond-assign
  2:15271  warning  Expected a conditional expression and instead saw an assignment            no-cond-assign
  2:15542  warning  Expected a conditional expression and instead saw an assignment            no-cond-assign
  2:15740  warning  Expected a conditional expression and instead saw an assignment            no-cond-assign
  2:16114  warning  Do not access Object.prototype method 'hasOwnProperty' from target object  no-prototype-builtins
  2:16815  warning  Expected a conditional expression and instead saw an assignment            no-cond-assign
  2:19155  warning  Expected a conditional expression and instead saw an assignment            no-cond-assign
  2:19255  warning  Expected a conditional expression and instead saw an assignment            no-cond-assign
  2:19315  warning  Expected a conditional expression and instead saw an assignment            no-cond-assign
  2:20674  warning  Expected a conditional expression and instead saw an assignment            no-cond-assign
  2:21288  warning  Expected a conditional expression and instead saw an assignment            no-cond-assign
  2:21399  warning  Expected a conditional expression and instead saw an assignment            no-cond-assign
  2:23719  warning  Unnecessary escape character: \/                                           no-useless-escape
  2:33344  warning  Empty block statement                                                      no-empty
  2:37050  warning  Unnecessary escape character: \/                                           no-useless-escape
  2:38265  warning  Expected a conditional expression and instead saw an assignment            no-cond-assign
  2:38405  warning  Expected a conditional expression and instead saw an assignment            no-cond-assign
  2:39039  warning  Empty block statement                                                      no-empty
  2:45778  warning  Unnecessary escape character: \/                                           no-useless-escape
  2:48087  warning  Expected a conditional expression and instead saw an assignment            no-cond-assign
  2:49647  warning  Empty block statement                                                      no-empty
  2:57298  warning  Expected a conditional expression and instead saw an assignment            no-cond-assign
  2:59847  warning  Expected a conditional expression and instead saw an assignment            no-cond-assign
  2:64132  warning  Expected a conditional expression and instead saw an assignment            no-cond-assign
  2:65877  warning  Expected a conditional expression and instead saw an assignment            no-cond-assign
  2:65943  warning  Expected a conditional expression and instead saw an assignment            no-cond-assign
  2:66247  warning  Expected a conditional expression and instead saw an assignment            no-cond-assign
  2:66313  warning  Expected a conditional expression and instead saw an assignment            no-cond-assign
  2:66720  warning  Expected a conditional expression and instead saw an assignment            no-cond-assign
  2:66997  warning  Expected a conditional expression and instead saw an assignment            no-cond-assign
  2:72432  warning  Expected a conditional expression and instead saw an assignment            no-cond-assign
  2:74924  warning  Expected a conditional expression and instead saw an assignment            no-cond-assign
  2:75645  warning  'l.href' is assigned to itself                                             no-self-assign
  2:79204  warning  Empty block statement                                                      no-empty
  2:83243  warning  Expected a conditional expression and instead saw an assignment            no-cond-assign
  2:83243  warning  'l' is assigned a value but never used                                     no-unused-vars
  2:86651  warning  'define' is not defined                                                    no-undef
  2:86663  warning  'define' is not defined                                                    no-undef

/home/runner/work/exp-sand-replacement-method-nitk/exp-sand-replacement-method-nitk/experiment/simulation/js/soft.js
     6:3   warning  Mixed spaces and tabs                            no-mixed-spaces-and-tabs
     7:3   warning  Mixed spaces and tabs                            no-mixed-spaces-and-tabs
    10:11  warning  'h' is assigned a value but never used           no-unused-vars
    12:26  warning  'wc' is assigned a value but never used          no-unused-vars
    12:38  warning  'arrWc' is assigned a value but never used       no-unused-vars
    15:5   warning  'p' is assigned a value but never used           no-unused-vars
    16:5   warning  'd' is already defined                           no-redeclare
    17:5   warning  'data' is assigned a value but never used        no-unused-vars
    19:10  warning  'IsInt' is defined but never used                no-unused-vars
    31:1   warning  '$' is not defined                               no-undef
    33:5   warning  '$' is not defined                               no-undef
    39:10  warning  'navNext' is defined but never used              no-unused-vars
    41:10  warning  'temp' is not defined                            no-undef
    41:20  warning  'temp' is not defined                            no-undef
    41:32  warning  'temp' is not defined                            no-undef
    43:42  warning  'temp' is not defined                            no-undef
    46:5   warning  'simsubscreennum' is not defined                 no-undef
    47:39  warning  'simsubscreennum' is not defined                 no-undef
    64:19  warning  'myInt' is not defined                           no-undef
    70:2   warning  'myInt' is not defined                           no-undef
    80:9   warning  'table' is assigned a value but never used       no-unused-vars
    83:9   warning  '$' is not defined                               no-undef
    85:28  warning  '$' is not defined                               no-undef
   110:5   warning  '$' is not defined                               no-undef
   120:5   warning  'el' is not defined                              no-undef
   121:5   warning  'el' is not defined                              no-undef
   122:5   warning  'el' is not defined                              no-undef
   123:5   warning  'answer' is not defined                          no-undef
   123:24  warning  'el' is not defined                              no-undef
   126:9   warning  'opt' is not defined                             no-undef
   128:9   warning  'el' is not defined                              no-undef
   129:9   warning  'el' is not defined                              no-undef
   129:26  warning  'opt' is not defined                             no-undef
   130:9   warning  'el' is not defined                              no-undef
   130:20  warning  'opt' is not defined                             no-undef
   131:9   warning  'answer' is not defined                          no-undef
   131:28  warning  'el' is not defined                              no-undef
   132:9   warning  '$' is not defined                               no-undef
   133:18  warning  '$' is not defined                               no-undef
   156:6   warning  'simsubscreennum' is not defined                 no-undef
   192:10  warning  'simsubscreennum' is not defined                 no-undef
   290:11  warning  'simsubscreennum' is not defined                 no-undef
   437:11  warning  'simsubscreennum' is not defined                 no-undef
   562:10  warning  'simsubscreennum' is not defined                 no-undef
   592:10  warning  'simsubscreennum' is not defined                 no-undef
   676:10  warning  'simsubscreennum' is not defined                 no-undef
   704:11  warning  'simsubscreennum' is not defined                 no-undef
   710:11  warning  'simsubscreennum' is not defined                 no-undef
   783:11  warning  'simsubscreennum' is not defined                 no-undef
   800:4   warning  '$' is not defined                               no-undef
   821:8   warning  '$' is not defined                               no-undef
   841:12  warning  '$' is not defined                               no-undef
   844:13  warning  '$' is not defined                               no-undef
   862:10  warning  'simsubscreennum' is not defined                 no-undef
   873:10  warning  'simsubscreennum' is not defined                 no-undef
   882:3   warning  '$' is not defined                               no-undef
   889:10  warning  'simsubscreennum' is not defined                 no-undef
   972:6   warning  Move function declaration to function body root  no-inner-declarations
   995:9   warning  '$' is not defined                               no-undef
  1015:29  warning  '$' is not defined                               no-undef
  1285:3   warning  'n' is not defined                               no-undef
  1286:17  warning  'n' is not defined                               no-undef
  1323:5   warning  'simsubscreennum' is not defined                 no-undef

✖ 118 problems (0 errors, 118 warnings)

